<?xml version="1.0" encoding="UTF-8"?>
<!-- Generated by org.testng.reporters.JUnitReportReporter -->
<testsuite skipped="0" hostname="ADMINRG-64KCMGT" name="tests.UserRegistrationTestUsingDDTwithExcel" tests="3" failures="0" timestamp="18 Jul 2021 14:50:47 GMT" time="34.402" errors="0">
  <testcase name="userCanRegisterSuccssfully" time="14.345" classname="tests.UserRegistrationTestUsingDDTwithExcel"/>
  <testcase name="userCanRegisterSuccssfully" time="10.571" classname="tests.UserRegistrationTestUsingDDTwithExcel"/>
  <testcase name="userCanRegisterSuccssfully" time="9.486" classname="tests.UserRegistrationTestUsingDDTwithExcel"/>
</testsuite> <!-- tests.UserRegistrationTestUsingDDTwithExcel -->
