<?xml version="1.0" encoding="UTF-8"?>
<!-- Generated by org.testng.reporters.JUnitReportReporter -->
<testsuite skipped="0" hostname="ADMINRG-64KCMGT" name="tests.UserRegistrationTest" tests="1" failures="0" timestamp="18 Jul 2021 12:25:05 GMT" time="5.081" errors="0">
  <testcase name="userCanRegisterSuccssfully" time="5.081" classname="tests.UserRegistrationTest"/>
</testsuite> <!-- tests.UserRegistrationTest -->
